<?xml version="1.0" encoding="UTF-8"?>
<testng-results ignored="0" total="3" passed="3" failed="0" skipped="0">
  <reporter-output>
  </reporter-output>
  <suite started-at="2023-02-08T14:26:30 CET" name="Default suite" finished-at="2023-02-08T14:26:46 CET" duration-ms="15980">
    <groups>
      <group name="cucumber">
        <method signature="AbstractTestNGCucumberTests.runScenario(io.cucumber.testng.PickleWrapper,io.cucumber.testng.FeatureWrapper)[pri:0, instance:testNgRunner.testNgRunner@368247b9]" name="runScenario" class="io.cucumber.testng.AbstractTestNGCucumberTests"/>
      </group> <!-- cucumber -->
    </groups>
    <test started-at="2023-02-08T14:26:30 CET" name="Default test" finished-at="2023-02-08T14:26:46 CET" duration-ms="15980">
      <class name="testNgRunner.testNgRunner">
        <test-method is-config="true" signature="setUpClass(org.testng.ITestContext)[pri:0, instance:testNgRunner.testNgRunner@368247b9]" started-at="2023-02-08T14:26:30 CET" name="setUpClass" finished-at="2023-02-08T14:26:30 CET" duration-ms="573" status="PASS">
          <params>
            <param index="0">
              <value>
                <![CDATA[org.testng.TestRunner@1de5cc88]]>
              </value>
            </param>
          </params>
          <reporter-output>
          </reporter-output>
        </test-method> <!-- setUpClass -->
        <test-method signature="runScenario(io.cucumber.testng.PickleWrapper,io.cucumber.testng.FeatureWrapper)[pri:0, instance:testNgRunner.testNgRunner@368247b9]" started-at="2023-02-08T14:26:30 CET" name="runScenario" description="Runs Cucumber Scenarios" data-provider="scenarios" finished-at="2023-02-08T14:26:35 CET" duration-ms="4288" status="PASS">
          <params>
            <param index="0">
              <value>
                <![CDATA["Verify that when user clicks on button the button colour becomes green"]]>
              </value>
            </param>
            <param index="1">
              <value>
                <![CDATA["Optional[when User clicks on button the button colour becomes green]"]]>
              </value>
            </param>
          </params>
          <reporter-output>
          </reporter-output>
        </test-method> <!-- runScenario -->
        <test-method signature="runScenario(io.cucumber.testng.PickleWrapper,io.cucumber.testng.FeatureWrapper)[pri:0, instance:testNgRunner.testNgRunner@368247b9]" started-at="2023-02-08T14:26:35 CET" name="runScenario" description="Runs Cucumber Scenarios" data-provider="scenarios" finished-at="2023-02-08T14:26:40 CET" duration-ms="5483" status="PASS">
          <params>
            <param index="0">
              <value>
                <![CDATA["Verify the links count available in UITAP tab and Home tab is matching or not"]]>
              </value>
            </param>
            <param index="1">
              <value>
                <![CDATA["Optional[Check that the links on the UITAP tab and the Home tab have the same number]"]]>
              </value>
            </param>
          </params>
          <reporter-output>
          </reporter-output>
        </test-method> <!-- runScenario -->
        <test-method signature="runScenario(io.cucumber.testng.PickleWrapper,io.cucumber.testng.FeatureWrapper)[pri:0, instance:testNgRunner.testNgRunner@368247b9]" started-at="2023-02-08T14:26:40 CET" name="runScenario" description="Runs Cucumber Scenarios" data-provider="scenarios" finished-at="2023-02-08T14:26:45 CET" duration-ms="5160" status="PASS">
          <params>
            <param index="0">
              <value>
                <![CDATA["Button name is changing as per the Input value"]]>
              </value>
            </param>
            <param index="1">
              <value>
                <![CDATA["Optional[execute your test to make sure that the button name is changing]"]]>
              </value>
            </param>
          </params>
          <reporter-output>
          </reporter-output>
        </test-method> <!-- runScenario -->
        <test-method is-config="true" signature="tearDownClass()[pri:0, instance:testNgRunner.testNgRunner@368247b9]" started-at="2023-02-08T14:26:45 CET" name="tearDownClass" finished-at="2023-02-08T14:26:46 CET" duration-ms="449" status="PASS">
          <reporter-output>
          </reporter-output>
        </test-method> <!-- tearDownClass -->
      </class> <!-- testNgRunner.testNgRunner -->
    </test> <!-- Default test -->
  </suite> <!-- Default suite -->
</testng-results>
