<?xml version="1.0" encoding="UTF-8"?>
<!-- Generated by org.testng.reporters.JUnitReportReporter -->
<testsuite hostname="SHUSINGH-NB" failures="1" tests="1" name="testNgRunner.testNgRunner_Failed" time="13.765" errors="0" timestamp="2023-01-29T22:12:19 CET" skipped="0">
  <testcase classname="testNgRunner.testNgRunner_Failed" name="runScenario" time="13.765">
    <failure message="expected [No data] but found [Beetroot]" type="java.lang.AssertionError">
      <![CDATA[java.lang.AssertionError: expected [No data] but found [Beetroot]
at org.testng.Assert.fail(Assert.java:99)
at org.testng.Assert.failNotEquals(Assert.java:1037)
at org.testng.Assert.assertEqualsImpl(Assert.java:140)
at org.testng.Assert.assertEquals(Assert.java:122)
at org.testng.Assert.assertEquals(Assert.java:629)
at org.testng.Assert.assertEquals(Assert.java:639)
at stepDefinations.OffersPageStepDefination.Validate_the_product_name_in_offers_page_with_Landing_Page(OffersPageStepDefination.java:53)
at ✽.Validate the product name in offers page with Landing Page(file:///C:/Users/ShuSingh/eclipse-workspace/ZZ_Green/src/test/java/features/SearchProduct.feature:11)
]]>
    </failure>
  </testcase> <!-- runScenario -->
  <system-out/>
</testsuite> <!-- testNgRunner.testNgRunner_Failed -->
